{
  "stats": {
    "suites": 2,
    "tests": 5,
    "passes": 5,
    "pending": 0,
    "failures": 0,
    "start": "2022-09-12T14:23:31.956Z",
    "end": "2022-09-12T14:23:36.088Z",
    "duration": 4132,
    "testsRegistered": 5,
    "passPercent": 100,
    "pendingPercent": 0,
    "other": 0,
    "hasOther": false,
    "skipped": 0,
    "hasSkipped": false
  },
  "results": [
    {
      "uuid": "32d93167-03f7-4fbd-bbdd-4201dce05415",
      "title": "",
      "fullFile": "cypress/integration/5.fluxoDeCompra.spec.js",
      "file": "cypress/integration/5.fluxoDeCompra.spec.js",
      "beforeHooks": [],
      "afterHooks": [],
      "tests": [],
      "suites": [
        {
          "uuid": "df9f82fe-9c81-4106-a8d5-2092b8cd4a45",
          "title": "Casos de teste sobre o fluxo de compra da API Serverest",
          "fullFile": "",
          "file": "",
          "beforeHooks": [],
          "afterHooks": [],
          "tests": [
            {
              "title": "Deve postar um novo usuario com sucesso",
              "fullTitle": "Casos de teste sobre o fluxo de compra da API Serverest Deve postar um novo usuario com sucesso",
              "timedOut": null,
              "duration": 454,
              "state": "passed",
              "speed": "fast",
              "pass": true,
              "fail": false,
              "pending": false,
              "context": null,
              "code": "_serverest.default.postarUsuarioValido().then(res => {\n  cy.contractValidation(res, '4.post-usuarios', 201);\n  _validaServerest.default.validarCadastroDeUsuarioComSucesso(res);\n});",
              "err": {},
              "uuid": "9680d343-192e-4a37-9d32-918ad406bf9a",
              "parentUUID": "df9f82fe-9c81-4106-a8d5-2092b8cd4a45",
              "isHook": false,
              "skipped": false
            }
          ],
          "suites": [
            {
              "uuid": "cebb3da6-46d6-4335-be96-327f1622d184",
              "title": "Logar com sucesso",
              "fullFile": "",
              "file": "",
              "beforeHooks": [],
              "afterHooks": [],
              "tests": [
                {
                  "title": "Deve buscar todos os produtos cadastrados",
                  "fullTitle": "Casos de teste sobre o fluxo de compra da API Serverest Logar com sucesso Deve buscar todos os produtos cadastrados",
                  "timedOut": null,
                  "duration": 847,
                  "state": "passed",
                  "speed": "fast",
                  "pass": true,
                  "fail": false,
                  "pending": false,
                  "context": null,
                  "code": "_serverest.default.buscarProdutos().then(res => {\n  cy.contractValidation(res, '7.get-produtos', 200);\n  _validaServerest.default.validarBuscaDeProdutos(res);\n});",
                  "err": {},
                  "uuid": "9544a977-ea37-4830-a166-5e2bec6c46d9",
                  "parentUUID": "cebb3da6-46d6-4335-be96-327f1622d184",
                  "isHook": false,
                  "skipped": false
                },
                {
                  "title": "Deve adicionar um produto ao carrinho",
                  "fullTitle": "Casos de teste sobre o fluxo de compra da API Serverest Logar com sucesso Deve adicionar um produto ao carrinho",
                  "timedOut": null,
                  "duration": 1141,
                  "state": "passed",
                  "speed": "fast",
                  "pass": true,
                  "fail": false,
                  "pending": false,
                  "context": null,
                  "code": "_serverest.default.buscarProdutoParaCarrinho();\ncy.get('@produtoCarrinho').then(produto => {\n  _serverest.default.adicionarProdutoAoCarrinho(produto).then(res => {\n    cy.contractValidation(res, '14.post-carrinhos', 201);\n    _validaServerest.default.validarCadastroDeCarrinhoComSucesso(res);\n  });\n});",
                  "err": {},
                  "uuid": "4dfdec25-3a55-4d05-9496-2f52daded994",
                  "parentUUID": "cebb3da6-46d6-4335-be96-327f1622d184",
                  "isHook": false,
                  "skipped": false
                },
                {
                  "title": "Deve buscar carrinho cadastrado",
                  "fullTitle": "Casos de teste sobre o fluxo de compra da API Serverest Logar com sucesso Deve buscar carrinho cadastrado",
                  "timedOut": null,
                  "duration": 844,
                  "state": "passed",
                  "speed": "fast",
                  "pass": true,
                  "fail": false,
                  "pending": false,
                  "context": null,
                  "code": "_serverest.default.buscarCarrinho().then(res => {\n  cy.contractValidation(res, '12.get-carrinhos', 200);\n  _validaServerest.default.validarBuscaDeCarrinho(res);\n});",
                  "err": {},
                  "uuid": "f35e2dbe-6f96-424b-801e-f7032af5ae88",
                  "parentUUID": "cebb3da6-46d6-4335-be96-327f1622d184",
                  "isHook": false,
                  "skipped": false
                },
                {
                  "title": "Deve excluir um carrinho ao concluir compra",
                  "fullTitle": "Casos de teste sobre o fluxo de compra da API Serverest Logar com sucesso Deve excluir um carrinho ao concluir compra",
                  "timedOut": null,
                  "duration": 796,
                  "state": "passed",
                  "speed": "fast",
                  "pass": true,
                  "fail": false,
                  "pending": false,
                  "context": null,
                  "code": "_serverest.default.concluirCompra().then(res => {\n  cy.contractValidation(res, '15.delete-carrinhos-concluir-compra', 200);\n  _validaServerest.default.validarExclusaoDeCarrinhoComSucesso(res);\n});",
                  "err": {},
                  "uuid": "37b5872e-5612-4a26-9431-b6242bb99ade",
                  "parentUUID": "cebb3da6-46d6-4335-be96-327f1622d184",
                  "isHook": false,
                  "skipped": false
                }
              ],
              "suites": [],
              "passes": [
                "9544a977-ea37-4830-a166-5e2bec6c46d9",
                "4dfdec25-3a55-4d05-9496-2f52daded994",
                "f35e2dbe-6f96-424b-801e-f7032af5ae88",
                "37b5872e-5612-4a26-9431-b6242bb99ade"
              ],
              "failures": [],
              "pending": [],
              "skipped": [],
              "duration": 3628,
              "root": false,
              "rootEmpty": false,
              "_timeout": 2000
            }
          ],
          "passes": [
            "9680d343-192e-4a37-9d32-918ad406bf9a"
          ],
          "failures": [],
          "pending": [],
          "skipped": [],
          "duration": 454,
          "root": false,
          "rootEmpty": false,
          "_timeout": 2000
        }
      ],
      "passes": [],
      "failures": [],
      "pending": [],
      "skipped": [],
      "duration": 0,
      "root": true,
      "rootEmpty": true,
      "_timeout": 2000
    }
  ],
  "meta": {
    "mocha": {
      "version": "7.0.1"
    },
    "mochawesome": {
      "options": {
        "quiet": false,
        "reportFilename": "mochawesome",
        "saveHtml": false,
        "saveJson": true,
        "consoleReporter": "spec",
        "useInlineDiffs": false,
        "code": true
      },
      "version": "7.1.3"
    },
    "marge": {
      "options": {
        "id": "default",
        "reportDir": "cypress/reports/mocha",
        "quite": true,
        "overwrite": false,
        "html": false,
        "json": true
      },
      "version": "6.2.0"
    }
  }
}