{
  "stats": {
    "suites": 1,
    "tests": 5,
    "passes": 5,
    "pending": 0,
    "failures": 0,
    "start": "2022-09-10T00:54:48.659Z",
    "end": "2022-09-10T00:54:51.181Z",
    "duration": 2522,
    "testsRegistered": 5,
    "passPercent": 100,
    "pendingPercent": 0,
    "other": 0,
    "hasOther": false,
    "skipped": 0,
    "hasSkipped": false
  },
  "results": [
    {
      "uuid": "cdadf010-94f1-4474-879c-6a3963622d58",
      "title": "",
      "fullFile": "cypress/integration/1.usuarios.spec.js",
      "file": "cypress/integration/1.usuarios.spec.js",
      "beforeHooks": [],
      "afterHooks": [],
      "tests": [],
      "suites": [
        {
          "uuid": "30eab696-0f8c-41cb-a924-31d0323ce6c5",
          "title": "Casos de teste sobre a rota /usuarios da API Serverest",
          "fullFile": "",
          "file": "",
          "beforeHooks": [],
          "afterHooks": [],
          "tests": [
            {
              "title": "Deve buscar todos os usuários cadastrados na Serverest",
              "fullTitle": "Casos de teste sobre a rota /usuarios da API Serverest Deve buscar todos os usuários cadastrados na Serverest",
              "timedOut": null,
              "duration": 916,
              "state": "passed",
              "speed": "fast",
              "pass": true,
              "fail": false,
              "pending": false,
              "context": null,
              "code": "_serverest.default.buscarUsuarios().then(res => {\n  cy.contractValidation(res, '2.get-usuarios', 200);\n  _validaServerest.default.validarBuscaDeUsuarios(res);\n});",
              "err": {},
              "uuid": "85b5db81-f3dc-4e63-84d2-9d18aec97034",
              "parentUUID": "30eab696-0f8c-41cb-a924-31d0323ce6c5",
              "isHook": false,
              "skipped": false
            },
            {
              "title": "Não deve postar um novo usuário admnistrador existente",
              "fullTitle": "Casos de teste sobre a rota /usuarios da API Serverest Não deve postar um novo usuário admnistrador existente",
              "timedOut": null,
              "duration": 289,
              "state": "passed",
              "speed": "fast",
              "pass": true,
              "fail": false,
              "pending": false,
              "context": null,
              "code": "cy.postarUsuarioSemSucesso().then(res => {\n  cy.contractValidation(res, '4.post-usuarios', 400);\n  expect(res.body.message).to.be.eq('Este email já está sendo usado');\n});",
              "err": {},
              "uuid": "902e8883-78ec-486e-82dd-0b7e59efb3a1",
              "parentUUID": "30eab696-0f8c-41cb-a924-31d0323ce6c5",
              "isHook": false,
              "skipped": false
            },
            {
              "title": "Deve realizar login com sucesso",
              "fullTitle": "Casos de teste sobre a rota /usuarios da API Serverest Deve realizar login com sucesso",
              "timedOut": null,
              "duration": 598,
              "state": "passed",
              "speed": "fast",
              "pass": true,
              "fail": false,
              "pending": false,
              "context": null,
              "code": "_serverest.default.buscarUsuarioParaLogin();\ncy.get('@usuarioLogin').then(usuario => {\n  _serverest.default.logar(usuario).then(res => {\n    _validaServerest.default.validarLoginComSucesso(res);\n    _serverest.default.salvarBearer(res);\n  });\n});",
              "err": {},
              "uuid": "7af5bafb-ebbf-4360-acff-11868ef2cffa",
              "parentUUID": "30eab696-0f8c-41cb-a924-31d0323ce6c5",
              "isHook": false,
              "skipped": false
            },
            {
              "title": "Deve buscar e salvar um usuário em um arquivo json",
              "fullTitle": "Casos de teste sobre a rota /usuarios da API Serverest Deve buscar e salvar um usuário em um arquivo json",
              "timedOut": null,
              "duration": 369,
              "state": "passed",
              "speed": "fast",
              "pass": true,
              "fail": false,
              "pending": false,
              "context": null,
              "code": "_serverest.default.buscarUsuarios().then(res => {\n  let limite = res.body.quantidade - 1;\n  cy.log(limite);\n  let inteiro = _factory.default.gerarInteiroAleatorio(limite);\n  cy.writeFile('./cypress/fixtures/usuario.json', res.body.usuarios[inteiro]);\n  _validaServerest.default.validarBuscaDeUsuarios(res);\n});",
              "err": {},
              "uuid": "30865f32-f3ce-4aeb-818e-9dc80a680a8a",
              "parentUUID": "30eab696-0f8c-41cb-a924-31d0323ce6c5",
              "isHook": false,
              "skipped": false
            },
            {
              "title": "Deve buscar o usuario de um arquivo json",
              "fullTitle": "Casos de teste sobre a rota /usuarios da API Serverest Deve buscar o usuario de um arquivo json",
              "timedOut": null,
              "duration": 259,
              "state": "passed",
              "speed": "fast",
              "pass": true,
              "fail": false,
              "pending": false,
              "context": null,
              "code": "cy.fixture('usuario.json').then(json => {\n  let usuario = {\n    email: json.email,\n    password: json.password\n  };\n  _serverest.default.logar(usuario).then(res => {\n    _validaServerest.default.validarLoginComSucesso(res);\n    _serverest.default.salvarBearer(res);\n  });\n});",
              "err": {},
              "uuid": "f02ebba5-2819-4724-a50e-6690d88253bd",
              "parentUUID": "30eab696-0f8c-41cb-a924-31d0323ce6c5",
              "isHook": false,
              "skipped": false
            }
          ],
          "suites": [],
          "passes": [
            "85b5db81-f3dc-4e63-84d2-9d18aec97034",
            "902e8883-78ec-486e-82dd-0b7e59efb3a1",
            "7af5bafb-ebbf-4360-acff-11868ef2cffa",
            "30865f32-f3ce-4aeb-818e-9dc80a680a8a",
            "f02ebba5-2819-4724-a50e-6690d88253bd"
          ],
          "failures": [],
          "pending": [],
          "skipped": [],
          "duration": 2431,
          "root": false,
          "rootEmpty": false,
          "_timeout": 2000
        }
      ],
      "passes": [],
      "failures": [],
      "pending": [],
      "skipped": [],
      "duration": 0,
      "root": true,
      "rootEmpty": true,
      "_timeout": 2000
    }
  ],
  "meta": {
    "mocha": {
      "version": "7.0.1"
    },
    "mochawesome": {
      "options": {
        "quiet": false,
        "reportFilename": "mochawesome",
        "saveHtml": false,
        "saveJson": true,
        "consoleReporter": "spec",
        "useInlineDiffs": false,
        "code": true
      },
      "version": "7.1.3"
    },
    "marge": {
      "options": {
        "id": "default",
        "reportDir": "cypress/reports/mocha",
        "quite": true,
        "overwrite": false,
        "html": false,
        "json": true
      },
      "version": "6.2.0"
    }
  }
}