{
  "stats": {
    "suites": 1,
    "tests": 5,
    "passes": 5,
    "pending": 0,
    "failures": 0,
    "start": "2022-09-08T14:06:57.650Z",
    "end": "2022-09-08T14:07:00.090Z",
    "duration": 2440,
    "testsRegistered": 5,
    "passPercent": 100,
    "pendingPercent": 0,
    "other": 0,
    "hasOther": false,
    "skipped": 0,
    "hasSkipped": false
  },
  "results": [
    {
      "uuid": "fea9e855-87fb-4a87-930f-169ce70c99b6",
      "title": "",
      "fullFile": "cypress/integration/1.usuarios.spec.js",
      "file": "cypress/integration/1.usuarios.spec.js",
      "beforeHooks": [],
      "afterHooks": [],
      "tests": [],
      "suites": [
        {
          "uuid": "18f713b5-7c2a-429d-9c9e-19da017629ae",
          "title": "Casos de teste sobre a rota /usuarios da API Serverest",
          "fullFile": "",
          "file": "",
          "beforeHooks": [],
          "afterHooks": [],
          "tests": [
            {
              "title": "Deve buscar todos os usuários cadastrados na Serverest",
              "fullTitle": "Casos de teste sobre a rota /usuarios da API Serverest Deve buscar todos os usuários cadastrados na Serverest",
              "timedOut": null,
              "duration": 901,
              "state": "passed",
              "speed": "fast",
              "pass": true,
              "fail": false,
              "pending": false,
              "context": null,
              "code": "_serverest.default.buscarUsuarios().then(res => {\n  cy.contractValidation(res, 'get-usuarios', 200);\n  _validaServerest.default.validarBuscaDeUsuarios(res);\n});",
              "err": {},
              "uuid": "4a618752-6ad9-4417-beba-0eceb5bc58f5",
              "parentUUID": "18f713b5-7c2a-429d-9c9e-19da017629ae",
              "isHook": false,
              "skipped": false
            },
            {
              "title": "Não deve postar um novo usuário admnistraodr existente",
              "fullTitle": "Casos de teste sobre a rota /usuarios da API Serverest Não deve postar um novo usuário admnistraodr existente",
              "timedOut": null,
              "duration": 325,
              "state": "passed",
              "speed": "fast",
              "pass": true,
              "fail": false,
              "pending": false,
              "context": null,
              "code": "cy.postarUsuarioSemSucesso().then(res => {\n  cy.contractValidation(res, 'post-usuarios', 400);\n  expect(res.body.message).to.be.eq('Este email já está sendo usado');\n});",
              "err": {},
              "uuid": "728a4444-664a-476c-96f4-a8109046c34b",
              "parentUUID": "18f713b5-7c2a-429d-9c9e-19da017629ae",
              "isHook": false,
              "skipped": false
            },
            {
              "title": "Deve realizar login com sucesso",
              "fullTitle": "Casos de teste sobre a rota /usuarios da API Serverest Deve realizar login com sucesso",
              "timedOut": null,
              "duration": 548,
              "state": "passed",
              "speed": "fast",
              "pass": true,
              "fail": false,
              "pending": false,
              "context": null,
              "code": "_serverest.default.buscarUsuarioParaLogin();\ncy.get('@usuarioLogin').then(usuario => {\n  _serverest.default.logar(usuario).then(res => {\n    _validaServerest.default.validarLoginComSucesso(res);\n    _serverest.default.salvarBearer(res);\n  });\n});",
              "err": {},
              "uuid": "7ba2943c-d22b-4942-a7fb-1bd317114d8c",
              "parentUUID": "18f713b5-7c2a-429d-9c9e-19da017629ae",
              "isHook": false,
              "skipped": false
            },
            {
              "title": "Deve buscar e salvar um usuário em um arquivo json",
              "fullTitle": "Casos de teste sobre a rota /usuarios da API Serverest Deve buscar e salvar um usuário em um arquivo json",
              "timedOut": null,
              "duration": 308,
              "state": "passed",
              "speed": "fast",
              "pass": true,
              "fail": false,
              "pending": false,
              "context": null,
              "code": "let inteiro = _factory.default.gerarInteiroAleatorio();\n_serverest.default.buscarUsuarios().then(res => {\n  cy.writeFile('./cypress/fixtures/usuario.json', res.body.usuarios[inteiro]);\n  _validaServerest.default.validarBuscaDeUsuarios(res);\n});",
              "err": {},
              "uuid": "90b23aaa-c98f-454a-b68b-e446d35372d8",
              "parentUUID": "18f713b5-7c2a-429d-9c9e-19da017629ae",
              "isHook": false,
              "skipped": false
            },
            {
              "title": "Deve buscar o usuario de um arquivo json",
              "fullTitle": "Casos de teste sobre a rota /usuarios da API Serverest Deve buscar o usuario de um arquivo json",
              "timedOut": null,
              "duration": 287,
              "state": "passed",
              "speed": "fast",
              "pass": true,
              "fail": false,
              "pending": false,
              "context": null,
              "code": "cy.fixture('usuario.json').then(json => {\n  let usuario = {\n    email: json.email,\n    password: json.password\n  };\n  _serverest.default.logar(usuario).then(res => {\n    _validaServerest.default.validarLoginComSucesso(res);\n    _serverest.default.salvarBearer(res);\n  });\n});",
              "err": {},
              "uuid": "b22adfaa-705e-4e9b-8df0-50965e355f71",
              "parentUUID": "18f713b5-7c2a-429d-9c9e-19da017629ae",
              "isHook": false,
              "skipped": false
            }
          ],
          "suites": [],
          "passes": [
            "4a618752-6ad9-4417-beba-0eceb5bc58f5",
            "728a4444-664a-476c-96f4-a8109046c34b",
            "7ba2943c-d22b-4942-a7fb-1bd317114d8c",
            "90b23aaa-c98f-454a-b68b-e446d35372d8",
            "b22adfaa-705e-4e9b-8df0-50965e355f71"
          ],
          "failures": [],
          "pending": [],
          "skipped": [],
          "duration": 2369,
          "root": false,
          "rootEmpty": false,
          "_timeout": 2000
        }
      ],
      "passes": [],
      "failures": [],
      "pending": [],
      "skipped": [],
      "duration": 0,
      "root": true,
      "rootEmpty": true,
      "_timeout": 2000
    }
  ],
  "meta": {
    "mocha": {
      "version": "7.0.1"
    },
    "mochawesome": {
      "options": {
        "quiet": false,
        "reportFilename": "mochawesome",
        "saveHtml": false,
        "saveJson": true,
        "consoleReporter": "spec",
        "useInlineDiffs": false,
        "code": true
      },
      "version": "7.1.3"
    },
    "marge": {
      "options": {
        "id": "default",
        "reportDir": "cypress/reports/mocha",
        "quite": true,
        "overwrite": false,
        "html": false,
        "json": true
      },
      "version": "6.2.0"
    }
  }
}