{
  "stats": {
    "suites": 1,
    "tests": 2,
    "passes": 1,
    "pending": 0,
    "failures": 1,
    "start": "2022-09-12T02:54:52.159Z",
    "end": "2022-09-12T02:54:53.680Z",
    "duration": 1521,
    "testsRegistered": 2,
    "passPercent": 50,
    "pendingPercent": 0,
    "other": 0,
    "hasOther": false,
    "skipped": 0,
    "hasSkipped": false
  },
  "results": [
    {
      "uuid": "b9e9b3f4-2428-419d-8521-2be0850f1b98",
      "title": "",
      "fullFile": "cypress/integration/2.login.spec.js",
      "file": "cypress/integration/2.login.spec.js",
      "beforeHooks": [],
      "afterHooks": [],
      "tests": [],
      "suites": [
        {
          "uuid": "5b72a905-1986-4c40-b7b2-04bae88feec8",
          "title": "Casos de teste sobre a rota /login da API Serverest",
          "fullFile": "",
          "file": "",
          "beforeHooks": [],
          "afterHooks": [],
          "tests": [
            {
              "title": "Deve realizar login com sucesso",
              "fullTitle": "Casos de teste sobre a rota /login da API Serverest Deve realizar login com sucesso",
              "timedOut": null,
              "duration": 667,
              "state": "passed",
              "speed": "fast",
              "pass": true,
              "fail": false,
              "pending": false,
              "context": null,
              "code": "_serverest.default.buscarUsuarioParaLogin();\ncy.get('@usuarioLogin').then(usuario => {\n  _serverest.default.logar(usuario).then(res => {\n    _validaServerest.default.validarLoginComSucesso(res);\n    _serverest.default.salvarBearer(res);\n  });\n});",
              "err": {},
              "uuid": "7271089d-16d8-47ed-995d-3df47f6d6774",
              "parentUUID": "5b72a905-1986-4c40-b7b2-04bae88feec8",
              "isHook": false,
              "skipped": false
            },
            {
              "title": "Deve realizar login sem sucesso",
              "fullTitle": "Casos de teste sobre a rota /login da API Serverest Deve realizar login sem sucesso",
              "timedOut": null,
              "duration": 709,
              "state": "failed",
              "speed": null,
              "pass": false,
              "fail": true,
              "pending": false,
              "context": null,
              "code": "_serverest.default.logarUsuarioFalso().then(res => {\n  cy.contractValidation(res, '1.login', 400);\n  _validaServerest.default.validarLoginSemSucesso(res);\n});",
              "err": {
                "message": "AssertionError: expected 401 to equal 400",
                "estack": "AssertionError: expected 401 to equal 400\n    at Function.validarLoginSemSucesso (https://serverest.dev/__cypress/tests?p=cypress\\integration\\2.login.spec.js:396:32)\n    at Context.eval (https://serverest.dev/__cypress/tests?p=cypress\\integration\\2.login.spec.js:196:32)",
                "diff": "- 401\n+ 400\n"
              },
              "uuid": "35611cb3-0a06-4181-a4c3-d2025781eb8e",
              "parentUUID": "5b72a905-1986-4c40-b7b2-04bae88feec8",
              "isHook": false,
              "skipped": false
            }
          ],
          "suites": [],
          "passes": [
            "7271089d-16d8-47ed-995d-3df47f6d6774"
          ],
          "failures": [
            "35611cb3-0a06-4181-a4c3-d2025781eb8e"
          ],
          "pending": [],
          "skipped": [],
          "duration": 1376,
          "root": false,
          "rootEmpty": false,
          "_timeout": 2000
        }
      ],
      "passes": [],
      "failures": [],
      "pending": [],
      "skipped": [],
      "duration": 0,
      "root": true,
      "rootEmpty": true,
      "_timeout": 2000
    }
  ],
  "meta": {
    "mocha": {
      "version": "7.0.1"
    },
    "mochawesome": {
      "options": {
        "quiet": false,
        "reportFilename": "mochawesome",
        "saveHtml": false,
        "saveJson": true,
        "consoleReporter": "spec",
        "useInlineDiffs": false,
        "code": true
      },
      "version": "7.1.3"
    },
    "marge": {
      "options": {
        "id": "default",
        "reportDir": "cypress/reports/mocha",
        "quite": true,
        "overwrite": false,
        "html": false,
        "json": true
      },
      "version": "6.2.0"
    }
  }
}