{
  "stats": {
    "suites": 2,
    "tests": 4,
    "passes": 4,
    "pending": 0,
    "failures": 0,
    "start": "2022-09-12T02:55:20.371Z",
    "end": "2022-09-12T02:55:23.828Z",
    "duration": 3457,
    "testsRegistered": 4,
    "passPercent": 100,
    "pendingPercent": 0,
    "other": 0,
    "hasOther": false,
    "skipped": 0,
    "hasSkipped": false
  },
  "results": [
    {
      "uuid": "5b5b1cc2-4c2f-4d39-950c-a39b214a3bb3",
      "title": "",
      "fullFile": "cypress/integration/5.fluxoDeCompra.spec.js",
      "file": "cypress/integration/5.fluxoDeCompra.spec.js",
      "beforeHooks": [],
      "afterHooks": [],
      "tests": [],
      "suites": [
        {
          "uuid": "466d3385-1122-4234-9dd6-179ca60a70f9",
          "title": "Casos de teste sobre o fluxo de compra da API Serverest",
          "fullFile": "",
          "file": "",
          "beforeHooks": [],
          "afterHooks": [],
          "tests": [
            {
              "title": "Deve postar um novo usuario com sucesso",
              "fullTitle": "Casos de teste sobre o fluxo de compra da API Serverest Deve postar um novo usuario com sucesso",
              "timedOut": null,
              "duration": 435,
              "state": "passed",
              "speed": "fast",
              "pass": true,
              "fail": false,
              "pending": false,
              "context": null,
              "code": "_serverest.default.postarUsuarioValido().then(res => {\n  cy.contractValidation(res, '4.post-usuarios', 201);\n  _validaServerest.default.validarCadastroDeUsuarioComSucesso(res);\n});",
              "err": {},
              "uuid": "f034b754-733c-4d4e-9265-16e3834a5ac5",
              "parentUUID": "466d3385-1122-4234-9dd6-179ca60a70f9",
              "isHook": false,
              "skipped": false
            }
          ],
          "suites": [
            {
              "uuid": "331d6f77-9e60-428a-8792-f11e883fb42b",
              "title": "Logar com sucesso",
              "fullFile": "",
              "file": "",
              "beforeHooks": [],
              "afterHooks": [],
              "tests": [
                {
                  "title": "Deve buscar todos os produtos cadastrados",
                  "fullTitle": "Casos de teste sobre o fluxo de compra da API Serverest Logar com sucesso Deve buscar todos os produtos cadastrados",
                  "timedOut": null,
                  "duration": 968,
                  "state": "passed",
                  "speed": "fast",
                  "pass": true,
                  "fail": false,
                  "pending": false,
                  "context": null,
                  "code": "_serverest.default.buscarProdutos().then(res => {\n  cy.contractValidation(res, '7.get-produtos', 200);\n  _validaServerest.default.validarBuscaDeProdutos(res);\n});",
                  "err": {},
                  "uuid": "4f8b605d-bd8c-49f0-be3a-25365b779206",
                  "parentUUID": "331d6f77-9e60-428a-8792-f11e883fb42b",
                  "isHook": false,
                  "skipped": false
                },
                {
                  "title": "Deve adicionar um produto ao carrinho",
                  "fullTitle": "Casos de teste sobre o fluxo de compra da API Serverest Logar com sucesso Deve adicionar um produto ao carrinho",
                  "timedOut": null,
                  "duration": 1169,
                  "state": "passed",
                  "speed": "fast",
                  "pass": true,
                  "fail": false,
                  "pending": false,
                  "context": null,
                  "code": "_serverest.default.buscarProdutoParaCarrinho();\ncy.get('@produtoCarrinho').then(produto => {\n  console.log(cy.get('@produtoCarrinho'));\n  _serverest.default.adicionarProdutoAoCarrinho(produto).then(res => {\n    cy.contractValidation(res, '14.post-carrinhos', 201);\n    _validaServerest.default.validarCadastroDeCarrinhoComSucesso(res);\n  });\n});",
                  "err": {},
                  "uuid": "6d019bdc-fc8d-4606-94a8-bed669a2e06c",
                  "parentUUID": "331d6f77-9e60-428a-8792-f11e883fb42b",
                  "isHook": false,
                  "skipped": false
                },
                {
                  "title": "Deve excluir um carrinho ao concluir compra",
                  "fullTitle": "Casos de teste sobre o fluxo de compra da API Serverest Logar com sucesso Deve excluir um carrinho ao concluir compra",
                  "timedOut": null,
                  "duration": 836,
                  "state": "passed",
                  "speed": "fast",
                  "pass": true,
                  "fail": false,
                  "pending": false,
                  "context": null,
                  "code": "_serverest.default.concluirCompra().then(res => {\n  cy.contractValidation(res, '15.delete-carrinhos-concluir-compra', 200);\n  _validaServerest.default.validarExclusaoDeCarrinhoComSucesso(res);\n});",
                  "err": {},
                  "uuid": "21172214-3680-46fc-858a-c8ed671268f4",
                  "parentUUID": "331d6f77-9e60-428a-8792-f11e883fb42b",
                  "isHook": false,
                  "skipped": false
                }
              ],
              "suites": [],
              "passes": [
                "4f8b605d-bd8c-49f0-be3a-25365b779206",
                "6d019bdc-fc8d-4606-94a8-bed669a2e06c",
                "21172214-3680-46fc-858a-c8ed671268f4"
              ],
              "failures": [],
              "pending": [],
              "skipped": [],
              "duration": 2973,
              "root": false,
              "rootEmpty": false,
              "_timeout": 2000
            }
          ],
          "passes": [
            "f034b754-733c-4d4e-9265-16e3834a5ac5"
          ],
          "failures": [],
          "pending": [],
          "skipped": [],
          "duration": 435,
          "root": false,
          "rootEmpty": false,
          "_timeout": 2000
        }
      ],
      "passes": [],
      "failures": [],
      "pending": [],
      "skipped": [],
      "duration": 0,
      "root": true,
      "rootEmpty": true,
      "_timeout": 2000
    }
  ],
  "meta": {
    "mocha": {
      "version": "7.0.1"
    },
    "mochawesome": {
      "options": {
        "quiet": false,
        "reportFilename": "mochawesome",
        "saveHtml": false,
        "saveJson": true,
        "consoleReporter": "spec",
        "useInlineDiffs": false,
        "code": true
      },
      "version": "7.1.3"
    },
    "marge": {
      "options": {
        "id": "default",
        "reportDir": "cypress/reports/mocha",
        "quite": true,
        "overwrite": false,
        "html": false,
        "json": true
      },
      "version": "6.2.0"
    }
  }
}