{
  "stats": {
    "suites": 2,
    "tests": 4,
    "passes": 4,
    "pending": 0,
    "failures": 0,
    "start": "2022-09-10T00:55:08.156Z",
    "end": "2022-09-10T00:55:11.140Z",
    "duration": 2984,
    "testsRegistered": 4,
    "passPercent": 100,
    "pendingPercent": 0,
    "other": 0,
    "hasOther": false,
    "skipped": 0,
    "hasSkipped": false
  },
  "results": [
    {
      "uuid": "7673f846-d267-48f3-a207-b811962a0e05",
      "title": "",
      "fullFile": "cypress/integration/3.produtos.spec.js",
      "file": "cypress/integration/3.produtos.spec.js",
      "beforeHooks": [],
      "afterHooks": [],
      "tests": [],
      "suites": [
        {
          "uuid": "b952d897-01e2-415f-b18c-af92f7e3d182",
          "title": "Casos de teste sobre a rota /produtos da API Serverest",
          "fullFile": "",
          "file": "",
          "beforeHooks": [],
          "afterHooks": [],
          "tests": [
            {
              "title": "Deve buscar todos os produtos cadastrados",
              "fullTitle": "Casos de teste sobre a rota /produtos da API Serverest Deve buscar todos os produtos cadastrados",
              "timedOut": null,
              "duration": 396,
              "state": "passed",
              "speed": "fast",
              "pass": true,
              "fail": false,
              "pending": false,
              "context": null,
              "code": "_serverest.default.buscarProdutos().then(res => {\n  _validaServerest.default.validarBuscaDeProdutos(res);\n});",
              "err": {},
              "uuid": "36dc9746-2254-4ccf-a737-252cff64c94a",
              "parentUUID": "b952d897-01e2-415f-b18c-af92f7e3d182",
              "isHook": false,
              "skipped": false
            }
          ],
          "suites": [
            {
              "uuid": "a94c3d94-565d-47a8-b4e4-3825713f04f5",
              "title": "Logar com sucesso",
              "fullFile": "",
              "file": "",
              "beforeHooks": [],
              "afterHooks": [],
              "tests": [
                {
                  "title": "Deve postar um novo produto com sucesso",
                  "fullTitle": "Casos de teste sobre a rota /produtos da API Serverest Logar com sucesso Deve postar um novo produto com sucesso",
                  "timedOut": null,
                  "duration": 830,
                  "state": "passed",
                  "speed": "fast",
                  "pass": true,
                  "fail": false,
                  "pending": false,
                  "context": null,
                  "code": "_serverest.default.cadastrarProdutoComSucesso().then(res => {\n  _validaServerest.default.validarCadastroDeProdutoComSucesso(res);\n});",
                  "err": {},
                  "uuid": "1abb742d-0948-4419-aa4f-2e6152001f95",
                  "parentUUID": "a94c3d94-565d-47a8-b4e4-3825713f04f5",
                  "isHook": false,
                  "skipped": false
                },
                {
                  "title": "Deve alterar um produto com sucesso",
                  "fullTitle": "Casos de teste sobre a rota /produtos da API Serverest Logar com sucesso Deve alterar um produto com sucesso",
                  "timedOut": null,
                  "duration": 859,
                  "state": "passed",
                  "speed": "fast",
                  "pass": true,
                  "fail": false,
                  "pending": false,
                  "context": null,
                  "code": "_serverest.default.alterarProdutoCadastrado().then(res => {\n  cy.contractValidation(res, '11.put-produtos-by-id', 200);\n  _validaServerest.default.validarAlteracaoDeProdutoComSucesso(res);\n});",
                  "err": {},
                  "uuid": "8dae3b4d-5bc8-44b5-8d68-b0d12ba63383",
                  "parentUUID": "a94c3d94-565d-47a8-b4e4-3825713f04f5",
                  "isHook": false,
                  "skipped": false
                },
                {
                  "title": "Deve deletar um produto com sucesso",
                  "fullTitle": "Casos de teste sobre a rota /produtos da API Serverest Logar com sucesso Deve deletar um produto com sucesso",
                  "timedOut": null,
                  "duration": 852,
                  "state": "passed",
                  "speed": "fast",
                  "pass": true,
                  "fail": false,
                  "pending": false,
                  "context": null,
                  "code": "_serverest.default.deletarProdutoCadastrado().then(res => {\n  cy.log(res);\n});",
                  "err": {},
                  "uuid": "0920b7c0-3760-4fee-8f81-1ef5d7f75602",
                  "parentUUID": "a94c3d94-565d-47a8-b4e4-3825713f04f5",
                  "isHook": false,
                  "skipped": false
                }
              ],
              "suites": [],
              "passes": [
                "1abb742d-0948-4419-aa4f-2e6152001f95",
                "8dae3b4d-5bc8-44b5-8d68-b0d12ba63383",
                "0920b7c0-3760-4fee-8f81-1ef5d7f75602"
              ],
              "failures": [],
              "pending": [],
              "skipped": [],
              "duration": 2541,
              "root": false,
              "rootEmpty": false,
              "_timeout": 2000
            }
          ],
          "passes": [
            "36dc9746-2254-4ccf-a737-252cff64c94a"
          ],
          "failures": [],
          "pending": [],
          "skipped": [],
          "duration": 396,
          "root": false,
          "rootEmpty": false,
          "_timeout": 2000
        }
      ],
      "passes": [],
      "failures": [],
      "pending": [],
      "skipped": [],
      "duration": 0,
      "root": true,
      "rootEmpty": true,
      "_timeout": 2000
    }
  ],
  "meta": {
    "mocha": {
      "version": "7.0.1"
    },
    "mochawesome": {
      "options": {
        "quiet": false,
        "reportFilename": "mochawesome",
        "saveHtml": false,
        "saveJson": true,
        "consoleReporter": "spec",
        "useInlineDiffs": false,
        "code": true
      },
      "version": "7.1.3"
    },
    "marge": {
      "options": {
        "id": "default",
        "reportDir": "cypress/reports/mocha",
        "quite": true,
        "overwrite": false,
        "html": false,
        "json": true
      },
      "version": "6.2.0"
    }
  }
}